# JRE version: Java(TM) SE Runtime Environment (8.0_45-b15) (build 1.8.0_45-b15)
# Java VM: Java HotSpot(TM) 64-Bit Server VM (25.45-b02 mixed mode windows-amd64 compressed oops)
Heap:
 PSYoungGen      total 605184K, used 588295K [0x000000076b500000, 0x0000000792580000, 0x00000007c0000000)
  eden space 593408K, 99% used [0x000000076b500000,0x000000078f381e08,0x000000078f880000)
  from space 11776K, 0% used [0x0000000791a00000,0x0000000791a00000,0x0000000792580000)
  to   space 23040K, 0% used [0x000000078f880000,0x000000078f880000,0x0000000790f00000)
 ParOldGen       total 294400K, used 57641K [0x00000006c1e00000, 0x00000006d3d80000, 0x000000076b500000)
  object space 294400K, 19% used [0x00000006c1e00000,0x00000006c564a4d0,0x00000006d3d80000)
 Metaspace       used 74346K, capacity 75180K, committed 75520K, reserved 1116160K
  class space    used 9226K, capacity 9459K, committed 9472K, reserved 1048576K
GC Heap History (10 events):
Event: 4.860 GC heap before
{Heap before GC invocations=11 (full 2):
 PSYoungGen      total 511488K, used 12783K [0x000000076b500000, 0x000000078bc80000, 0x00000007c0000000)
  eden space 498688K, 0% used [0x000000076b500000,0x000000076b500000,0x0000000789c00000)
  from space 12800K, 99% used [0x000000078ad00000,0x000000078b97bf60,0x000000078b980000)
  to   space 3072K, 0% used [0x000000078b980000,0x000000078b980000,0x000000078bc80000)
 ParOldGen       total 111104K, used 16019K [0x00000006c1e00000, 0x00000006c8a80000, 0x000000076b500000)
  object space 111104K, 14% used [0x00000006c1e00000,0x00000006c2da4da0,0x00000006c8a80000)
 Metaspace       used 34946K, capacity 35176K, committed 35496K, reserved 1081344K
  class space    used 4424K, capacity 4484K, committed 4608K, reserved 1048576K
Event: 4.905 GC heap after
Heap after GC invocations=11 (full 2):
 PSYoungGen      total 511488K, used 0K [0x000000076b500000, 0x000000078bc80000, 0x00000007c0000000)
  eden space 498688K, 0% used [0x000000076b500000,0x000000076b500000,0x0000000789c00000)
  from space 12800K, 0% used [0x000000078ad00000,0x000000078ad00000,0x000000078b980000)
  to   space 3072K, 0% used [0x000000078b980000,0x000000078b980000,0x000000078bc80000)
 ParOldGen       total 181760K, used 22941K [0x00000006c1e00000, 0x00000006ccf80000, 0x000000076b500000)
  object space 181760K, 12% used [0x00000006c1e00000,0x00000006c3467520,0x00000006ccf80000)
 Metaspace       used 34946K, capacity 35176K, committed 35496K, reserved 1081344K
  class space    used 4424K, capacity 4484K, committed 4608K, reserved 1048576K
}
Event: 9.298 GC heap before
{Heap before GC invocations=12 (full 2):
 PSYoungGen      total 511488K, used 498688K [0x000000076b500000, 0x000000078bc80000, 0x00000007c0000000)
  eden space 498688K, 100% used [0x000000076b500000,0x0000000789c00000,0x0000000789c00000)
  from space 12800K, 0% used [0x000000078ad00000,0x000000078ad00000,0x000000078b980000)
  to   space 3072K, 0% used [0x000000078b980000,0x000000078b980000,0x000000078bc80000)
 ParOldGen       total 181760K, used 22941K [0x00000006c1e00000, 0x00000006ccf80000, 0x000000076b500000)
  object space 181760K, 12% used [0x00000006c1e00000,0x00000006c3467520,0x00000006ccf80000)
 Metaspace       used 52985K, capacity 53630K, committed 53760K, reserved 1095680K
  class space    used 6611K, capacity 6806K, committed 6912K, reserved 1048576K
Event: 9.322 GC heap after
Heap after GC invocations=12 (full 2):
 PSYoungGen      total 508416K, used 3040K [0x000000076b500000, 0x0000000793800000, 0x00000007c0000000)
  eden space 505344K, 0% used [0x000000076b500000,0x000000076b500000,0x000000078a280000)
  from space 3072K, 98% used [0x000000078b980000,0x000000078bc78030,0x000000078bc80000)
  to   space 23552K, 0% used [0x000000078a280000,0x000000078a280000,0x000000078b980000)
 ParOldGen       total 181760K, used 53419K [0x00000006c1e00000, 0x00000006ccf80000, 0x000000076b500000)
  object space 181760K, 29% used [0x00000006c1e00000,0x00000006c522acd0,0x00000006ccf80000)
 Metaspace       used 52985K, capacity 53630K, committed 53760K, reserved 1095680K
  class space    used 6611K, capacity 6806K, committed 6912K, reserved 1048576K
}
Event: 11.653 GC heap before
{Heap before GC invocations=13 (full 2):
 PSYoungGen      total 508416K, used 508384K [0x000000076b500000, 0x0000000793800000, 0x00000007c0000000)
  eden space 505344K, 100% used [0x000000076b500000,0x000000078a280000,0x000000078a280000)
  from space 3072K, 98% used [0x000000078b980000,0x000000078bc78030,0x000000078bc80000)
  to   space 23552K, 0% used [0x000000078a280000,0x000000078a280000,0x000000078b980000)
 ParOldGen       total 181760K, used 53419K [0x00000006c1e00000, 0x00000006ccf80000, 0x000000076b500000)
  object space 181760K, 29% used [0x00000006c1e00000,0x00000006c522acd0,0x00000006ccf80000)
 Metaspace       used 53502K, capacity 54176K, committed 54272K, reserved 1097728K
  class space    used 6629K, capacity 6831K, committed 6912K, reserved 1048576K
Event: 11.657 GC heap after
Heap after GC invocations=13 (full 2):
 PSYoungGen      total 528896K, used 1792K [0x000000076b500000, 0x0000000793180000, 0x00000007c0000000)
  eden space 505344K, 0% used [0x000000076b500000,0x000000076b500000,0x000000078a280000)
  from space 23552K, 7% used [0x000000078a280000,0x000000078a440010,0x000000078b980000)
  to   space 24064K, 0% used [0x0000000791a00000,0x0000000791a00000,0x0000000793180000)
 ParOldGen       total 181760K, used 56515K [0x00000006c1e00000, 0x00000006ccf80000, 0x000000076b500000)
  object space 181760K, 31% used [0x00000006c1e00000,0x00000006c5530d10,0x00000006ccf80000)
 Metaspace       used 53502K, capacity 54176K, committed 54272K, reserved 1097728K
  class space    used 6629K, capacity 6831K, committed 6912K, reserved 1048576K
}
Event: 13.148 GC heap before
{Heap before GC invocations=14 (full 2):
 PSYoungGen      total 528896K, used 308152K [0x000000076b500000, 0x0000000793180000, 0x00000007c0000000)
  eden space 505344K, 60% used [0x000000076b500000,0x000000077e02e0c0,0x000000078a280000)
  from space 23552K, 7% used [0x000000078a280000,0x000000078a440010,0x000000078b980000)
  to   space 24064K, 0% used [0x0000000791a00000,0x0000000791a00000,0x0000000793180000)
 ParOldGen       total 181760K, used 56515K [0x00000006c1e00000, 0x00000006ccf80000, 0x000000076b500000)
  object space 181760K, 31% used [0x00000006c1e00000,0x00000006c5530d10,0x00000006ccf80000)
 Metaspace       used 58368K, capacity 59072K, committed 59160K, reserved 1101824K
  class space    used 7298K, capacity 7503K, committed 7552K, reserved 1048576K
Event: 13.154 GC heap after
Heap after GC invocations=14 (full 2):
 PSYoungGen      total 605184K, used 7721K [0x000000076b500000, 0x0000000792580000, 0x00000007c0000000)
  eden space 593408K, 0% used [0x000000076b500000,0x000000076b500000,0x000000078f880000)
  from space 11776K, 65% used [0x0000000791a00000,0x000000079218a510,0x0000000792580000)
  to   space 23040K, 0% used [0x000000078f880000,0x000000078f880000,0x0000000790f00000)
 ParOldGen       total 181760K, used 56523K [0x00000006c1e00000, 0x00000006ccf80000, 0x000000076b500000)
  object space 181760K, 31% used [0x00000006c1e00000,0x00000006c5532d10,0x00000006ccf80000)
 Metaspace       used 58368K, capacity 59072K, committed 59160K, reserved 1101824K
  class space    used 7298K, capacity 7503K, committed 7552K, reserved 1048576K
}
Event: 13.154 GC heap before
{Heap before GC invocations=15 (full 3):
 PSYoungGen      total 605184K, used 7721K [0x000000076b500000, 0x0000000792580000, 0x00000007c0000000)
  eden space 593408K, 0% used [0x000000076b500000,0x000000076b500000,0x000000078f880000)
  from space 11776K, 65% used [0x0000000791a00000,0x000000079218a510,0x0000000792580000)
  to   space 23040K, 0% used [0x000000078f880000,0x000000078f880000,0x0000000790f00000)
 ParOldGen       total 181760K, used 56523K [0x00000006c1e00000, 0x00000006ccf80000, 0x000000076b500000)
  object space 181760K, 31% used [0x00000006c1e00000,0x00000006c5532d10,0x00000006ccf80000)
 Metaspace       used 58368K, capacity 59072K, committed 59160K, reserved 1101824K
  class space    used 7298K, capacity 7503K, committed 7552K, reserved 1048576K
Event: 13.359 GC heap after
Heap after GC invocations=15 (full 3):
 PSYoungGen      total 605184K, used 0K [0x000000076b500000, 0x0000000792580000, 0x00000007c0000000)
  eden space 593408K, 0% used [0x000000076b500000,0x000000076b500000,0x000000078f880000)
  from space 11776K, 0% used [0x0000000791a00000,0x0000000791a00000,0x0000000792580000)
  to   space 23040K, 0% used [0x000000078f880000,0x000000078f880000,0x0000000790f00000)
 ParOldGen       total 294400K, used 57641K [0x00000006c1e00000, 0x00000006d3d80000, 0x000000076b500000)
  object space 294400K, 19% used [0x00000006c1e00000,0x00000006c564a4d0,0x00000006d3d80000)
 Metaspace       used 58361K, capacity 59060K, committed 59160K, reserved 1101824K
  class space    used 7297K, capacity 7501K, committed 7552K, reserved 1048576K
}

